<?xml version="1.0" encoding="UTF-8"?>
<!-- Generated by org.testng.reporters.JUnitXMLReporter -->
<testsuite ignored="4" hostname="LIN24007907" failures="0" tests="5" name="Test" time="1.413" errors="0" timestamp="2022-09-10T17:53:52 IST">
  <testcase classname="com.w2a.testcases.BankManagerLoginTest" name="loginAsBankManager" time="0.119"/>
  <testcase classname="com.w2a.testcases.AddCustomerTest" name="addCustomer" time="0.384"/>
  <testcase classname="com.w2a.testcases.AddCustomerTest" name="addCustomer" time="0.249"/>
  <testcase classname="com.w2a.testcases.OpenAccountTest" name="verifyOpenAccount" time="0.383"/>
  <testcase classname="com.w2a.testcases.OpenAccountTest" name="verifyOpenAccount" time="0.241"/>
  <testcase classname="com.w2a.base.TestBase" name="@BeforeSuite setUp" time="0.0">
    <ignored/>
  </testcase> <!-- @BeforeSuite setUp -->
  <testcase classname="com.w2a.base.TestBase" name="@AfterSuite tearDown" time="0.0">
    <ignored/>
  </testcase> <!-- @AfterSuite tearDown -->
  <testcase classname="com.w2a.base.TestBase" name="@AfterSuite tearDown" time="0.0">
    <ignored/>
  </testcase> <!-- @AfterSuite tearDown -->
  <testcase classname="com.w2a.base.TestBase" name="@BeforeSuite setUp" time="0.0">
    <ignored/>
  </testcase> <!-- @BeforeSuite setUp -->
</testsuite> <!-- Test -->
