<?xml version="1.0" encoding="UTF-8"?>
<testsuite xmlns:xsi="http://www.w3.org/2001/XMLSchema-instance" xsi:noNamespaceSchemaLocation="https://maven.apache.org/surefire/maven-surefire-plugin/xsd/surefire-test-report-3.0.xsd" version="3.0" name="TestSuite" time="6.332" tests="5" errors="0" skipped="0" failures="0">
  <properties>
[...]
</properties>
  <testcase name="loginAsBankManager" classname="com.w2a.testcases.BankManagerLoginTest" time="0.113">
    <system-err><![CDATA[SLF4J: Failed to load class "org.slf4j.impl.StaticLoggerBinder".
SLF4J: Defaulting to no-operation (NOP) logger implementation
SLF4J: See http://www.slf4j.org/codes.html#StaticLoggerBinder for further details.
Starting ChromeDriver 105.0.5195.52 (412c95e518836d8a7d97250d62b29c2ae6a26a85-refs/branch-heads/5195@{#853}) on port 65160
Only local connections are allowed.
Please see https://chromedriver.chromium.org/security-considerations for suggestions on keeping ChromeDriver safe.
ChromeDriver was started successfully.
Sep 10, 2022 5:53:49 PM org.openqa.selenium.remote.ProtocolHandshake createSession
INFO: Detected upstream dialect: W3C
Sep 10, 2022 5:53:50 PM org.openqa.selenium.devtools.CdpVersionFinder findNearestMatch
WARNING: Unable to find an exact match for CDP version 105, so returning the closest version found: 104
Sep 10, 2022 5:53:50 PM org.openqa.selenium.devtools.CdpVersionFinder findNearestMatch
INFO: Found CDP implementation for version 105 of 104
]]></system-err>
  </testcase>
  <testcase name="addCustomer[{alerttext=Customer added successfully, postcode=A23wd, Runmode=Y, lastname=Arora, firstname=Raman}](1)" classname="com.w2a.testcases.AddCustomerTest" time="0.385"/>
  <testcase name="addCustomer[{alerttext=Customer added successfully, postcode=A23er, Runmode=Y, lastname=Test, firstname=Amit}](2)" classname="com.w2a.testcases.AddCustomerTest" time="0.25"/>
  <testcase name="verifyOpenAccount[{currency=Rupee, customer=Raman Arora}](1)" classname="com.w2a.testcases.OpenAccountTest" time="0.383"/>
  <testcase name="verifyOpenAccount[{currency=Dollar, customer=Amit Test}](2)" classname="com.w2a.testcases.OpenAccountTest" time="0.242"/>
</testsuite>